{"/Users/beckwith/Code/updatey/githubHook/githubHook.js": {"path":"/Users/beckwith/Code/updatey/githubHook/githubHook.js","statementMap":{"0":{"start":{"line":1,"column":15},"end":{"line":1,"column":46}},"1":{"start":{"line":2,"column":17},"end":{"line":2,"column":43}},"2":{"start":{"line":5,"column":15},"end":{"line":5,"column":27}},"3":{"start":{"line":6,"column":0},"end":{"line":6,"column":24}},"4":{"start":{"line":13,"column":0},"end":{"line":36,"column":1}},"5":{"start":{"line":14,"column":20},"end":{"line":14,"column":49}},"6":{"start":{"line":15,"column":15},"end":{"line":15,"column":23}},"7":{"start":{"line":16,"column":2},"end":{"line":20,"column":3}},"8":{"start":{"line":17,"column":4},"end":{"line":17,"column":55}},"9":{"start":{"line":18,"column":4},"end":{"line":18,"column":14}},"10":{"start":{"line":19,"column":4},"end":{"line":19,"column":11}},"11":{"start":{"line":21,"column":22},"end":{"line":21,"column":41}},"12":{"start":{"line":22,"column":17},"end":{"line":22,"column":50}},"13":{"start":{"line":23,"column":2},"end":{"line":27,"column":3}},"14":{"start":{"line":24,"column":4},"end":{"line":24,"column":62}},"15":{"start":{"line":25,"column":4},"end":{"line":25,"column":14}},"16":{"start":{"line":26,"column":4},"end":{"line":26,"column":11}},"17":{"start":{"line":28,"column":25},"end":{"line":28,"column":48}},"18":{"start":{"line":29,"column":2},"end":{"line":33,"column":3}},"19":{"start":{"line":30,"column":4},"end":{"line":30,"column":58}},"20":{"start":{"line":31,"column":4},"end":{"line":31,"column":14}},"21":{"start":{"line":32,"column":4},"end":{"line":32,"column":11}},"22":{"start":{"line":34,"column":2},"end":{"line":34,"column":33}},"23":{"start":{"line":35,"column":2},"end":{"line":35,"column":12}},"24":{"start":{"line":43,"column":27},"end":{"line":43,"column":59}},"25":{"start":{"line":44,"column":25},"end":{"line":44,"column":27}},"26":{"start":{"line":45,"column":2},"end":{"line":61,"column":3}},"27":{"start":{"line":46,"column":4},"end":{"line":60,"column":5}},"28":{"start":{"line":47,"column":22},"end":{"line":47,"column":33}},"29":{"start":{"line":48,"column":6},"end":{"line":59,"column":7}},"30":{"start":{"line":49,"column":8},"end":{"line":58,"column":9}},"31":{"start":{"line":50,"column":10},"end":{"line":57,"column":11}},"32":{"start":{"line":51,"column":12},"end":{"line":56,"column":15}},"33":{"start":{"line":62,"column":2},"end":{"line":62,"column":24}},"34":{"start":{"line":70,"column":2},"end":{"line":73,"column":5}},"35":{"start":{"line":71,"column":18},"end":{"line":71,"column":42}},"36":{"start":{"line":72,"column":4},"end":{"line":72,"column":62}},"37":{"start":{"line":74,"column":2},"end":{"line":74,"column":23}}},"fnMap":{"0":{"name":"(anonymous_0)","decl":{"start":{"line":13,"column":21},"end":{"line":13,"column":22}},"loc":{"start":{"line":13,"column":35},"end":{"line":36,"column":1}},"line":13},"1":{"name":"getPackageChanges","decl":{"start":{"line":42,"column":9},"end":{"line":42,"column":26}},"loc":{"start":{"line":42,"column":33},"end":{"line":63,"column":1}},"line":42},"2":{"name":"processChanges","decl":{"start":{"line":69,"column":9},"end":{"line":69,"column":23}},"loc":{"start":{"line":69,"column":33},"end":{"line":75,"column":1}},"line":69},"3":{"name":"(anonymous_3)","decl":{"start":{"line":70,"column":18},"end":{"line":70,"column":19}},"loc":{"start":{"line":70,"column":23},"end":{"line":73,"column":3}},"line":70}},"branchMap":{"0":{"loc":{"start":{"line":16,"column":2},"end":{"line":20,"column":3}},"type":"if","locations":[{"start":{"line":16,"column":2},"end":{"line":20,"column":3}},{"start":{"line":16,"column":2},"end":{"line":20,"column":3}}],"line":16},"1":{"loc":{"start":{"line":16,"column":6},"end":{"line":16,"column":70}},"type":"binary-expr","locations":[{"start":{"line":16,"column":6},"end":{"line":16,"column":11}},{"start":{"line":16,"column":15},"end":{"line":16,"column":24}},{"start":{"line":16,"column":28},"end":{"line":16,"column":41}},{"start":{"line":16,"column":45},"end":{"line":16,"column":70}}],"line":16},"2":{"loc":{"start":{"line":23,"column":2},"end":{"line":27,"column":3}},"type":"if","locations":[{"start":{"line":23,"column":2},"end":{"line":27,"column":3}},{"start":{"line":23,"column":2},"end":{"line":27,"column":3}}],"line":23},"3":{"loc":{"start":{"line":29,"column":2},"end":{"line":33,"column":3}},"type":"if","locations":[{"start":{"line":29,"column":2},"end":{"line":33,"column":3}},{"start":{"line":29,"column":2},"end":{"line":33,"column":3}}],"line":29},"4":{"loc":{"start":{"line":50,"column":10},"end":{"line":57,"column":11}},"type":"if","locations":[{"start":{"line":50,"column":10},"end":{"line":57,"column":11}},{"start":{"line":50,"column":10},"end":{"line":57,"column":11}}],"line":50}},"s":{"0":1,"1":1,"2":1,"3":1,"4":1,"5":2,"6":2,"7":2,"8":0,"9":0,"10":0,"11":2,"12":2,"13":2,"14":1,"15":1,"16":1,"17":1,"18":1,"19":0,"20":0,"21":0,"22":1,"23":1,"24":1,"25":1,"26":1,"27":1,"28":3,"29":3,"30":1,"31":4,"32":1,"33":1,"34":1,"35":1,"36":1,"37":1},"f":{"0":2,"1":1,"2":1,"3":1},"b":{"0":[0,2],"1":[2,2,2,2],"2":[1,1],"3":[0,1],"4":[1,3]},"_coverageSchema":"d34fc3e6b8297bcde183f5492bcb8fcb36775295","hash":"cbee5bc856b9bd24db3243b6c9c90c66c6c78812","contentHash":"13884b1ef863ce052f2e2b073e0032d3"}
}
